"Start of log file."
"C:/Users/amoa1000/Desktop/3DTEST~1/game/Assets/UNITY3~1/scenes/SWORDN~1.MAX"
"Starting max loading and fbx conversion"
window = undefined
"Settings units"
"Before fbx export"
"After fbx export"
"Finished max loading and fbx conversion"
"C:/Users/amoa1000/Desktop/3DTEST~1/game/Assets/UNITY3~1/autoback/AUTOBA~1.MAX"
"Starting max loading and fbx conversion"
window = undefined
"Settings units"
"Before fbx export"
"After fbx export"
"Finished max loading and fbx conversion"
"C:/Users/amoa1000/Desktop/3DTEST~1/game/Assets/UNITY3~1/autoback/AUTOBA~3.MAX"
"Starting max loading and fbx conversion"
window = undefined
"Settings units"
"Before fbx export"
"After fbx export"
"Finished max loading and fbx conversion"
